{
  "stats": {
    "suites": 3,
    "tests": 5,
    "passes": 5,
    "pending": 0,
    "failures": 0,
    "start": "2025-08-04T16:55:53.484Z",
    "end": "2025-08-04T16:55:54.614Z",
    "duration": 1130,
    "testsRegistered": 5,
    "passPercent": 100,
    "pendingPercent": 0,
    "other": 0,
    "hasOther": false,
    "skipped": 0,
    "hasSkipped": false
  },
  "results": [
    {
      "uuid": "ccfbbfb2-4627-410e-846a-5c110d3195fb",
      "title": "",
      "fullFile": "cypress\\e2e\\search.cy.ts",
      "file": "cypress\\e2e\\search.cy.ts",
      "beforeHooks": [],
      "afterHooks": [],
      "tests": [],
      "suites": [
        {
          "uuid": "3b1154b0-f985-4428-80c2-0bd813360c76",
          "title": "GET /products/search",
          "fullFile": "",
          "file": "",
          "beforeHooks": [],
          "afterHooks": [],
          "tests": [],
          "suites": [
            {
              "uuid": "928d7f5f-90ef-42ce-8356-a5385884cad4",
              "title": "Success cases",
              "fullFile": "",
              "file": "",
              "beforeHooks": [],
              "afterHooks": [],
              "tests": [
                {
                  "title": "should return products matching the search term",
                  "fullTitle": "GET /products/search Success cases should return products matching the search term",
                  "timedOut": null,
                  "duration": 187,
                  "state": "passed",
                  "speed": "fast",
                  "pass": true,
                  "fail": false,
                  "pending": false,
                  "context": null,
                  "code": "const searchTerm = 'phone';\n(0,_api_products__WEBPACK_IMPORTED_MODULE_0__.searchProduct)(searchTerm).then((res) => {\n    expect(res.status).to.eq(200);\n    expect(res.body.products).to.be.an('array');\n    expect(res.body.products.length).to.be.greaterThan(0);\n    res.body.products.forEach((product) => {\n        const fields = [\n            product.title,\n            product.description,\n            product.brand,\n            product.category,\n        ];\n        const match = [\n            product.title,\n            product.description,\n            product.brand,\n            product.category,\n        ]\n            .filter((f) => typeof f === 'string')\n            .some((f) => f.toLowerCase().includes(searchTerm));\n    });\n});",
                  "err": {},
                  "uuid": "599f5ccd-2746-456e-9d1f-142635e98495",
                  "parentUUID": "928d7f5f-90ef-42ce-8356-a5385884cad4",
                  "isHook": false,
                  "skipped": false
                },
                {
                  "title": "should return results regardless of case",
                  "fullTitle": "GET /products/search Success cases should return results regardless of case",
                  "timedOut": null,
                  "duration": 343,
                  "state": "passed",
                  "speed": "fast",
                  "pass": true,
                  "fail": false,
                  "pending": false,
                  "context": null,
                  "code": "(0,_api_products__WEBPACK_IMPORTED_MODULE_0__.searchProduct)('PHONE').then((res1) => {\n    (0,_api_products__WEBPACK_IMPORTED_MODULE_0__.searchProduct)('phone').then((res2) => {\n        expect(res1.status).to.eq(200);\n        expect(res2.status).to.eq(200);\n        expect(res1.body.products.length).to.eq(res2.body.products.length);\n    });\n});",
                  "err": {},
                  "uuid": "d8f920a7-b222-434a-b147-617ffaa6de80",
                  "parentUUID": "928d7f5f-90ef-42ce-8356-a5385884cad4",
                  "isHook": false,
                  "skipped": false
                },
                {
                  "title": "should return all products if search term is empty",
                  "fullTitle": "GET /products/search Success cases should return all products if search term is empty",
                  "timedOut": null,
                  "duration": 198,
                  "state": "passed",
                  "speed": "fast",
                  "pass": true,
                  "fail": false,
                  "pending": false,
                  "context": null,
                  "code": "(0,_api_products__WEBPACK_IMPORTED_MODULE_0__.searchProduct)('').then((res) => {\n    expect(res.status).to.eq(200);\n    expect(res.body.products)\n        .to.be.an('array')\n        .and.have.length.greaterThan(0);\n});",
                  "err": {},
                  "uuid": "3725eae4-2d63-4ac6-b309-d8e00644f8fc",
                  "parentUUID": "928d7f5f-90ef-42ce-8356-a5385884cad4",
                  "isHook": false,
                  "skipped": false
                }
              ],
              "suites": [],
              "passes": [
                "599f5ccd-2746-456e-9d1f-142635e98495",
                "d8f920a7-b222-434a-b147-617ffaa6de80",
                "3725eae4-2d63-4ac6-b309-d8e00644f8fc"
              ],
              "failures": [],
              "pending": [],
              "skipped": [],
              "duration": 728,
              "root": false,
              "rootEmpty": false,
              "_timeout": 2000
            },
            {
              "uuid": "8b41ac0e-e4e9-407d-b94e-0a3969dd7468",
              "title": "Validation and edge cases",
              "fullFile": "",
              "file": "",
              "beforeHooks": [],
              "afterHooks": [],
              "tests": [
                {
                  "title": "should return empty array when no match is found",
                  "fullTitle": "GET /products/search Validation and edge cases should return empty array when no match is found",
                  "timedOut": null,
                  "duration": 158,
                  "state": "passed",
                  "speed": "fast",
                  "pass": true,
                  "fail": false,
                  "pending": false,
                  "context": null,
                  "code": "(0,_api_products__WEBPACK_IMPORTED_MODULE_0__.searchProduct)('zzzzzzzzzzz').then((res) => {\n    expect(res.status).to.eq(200);\n    expect(res.body.products).to.be.an('array').and.have.length(0);\n});",
                  "err": {},
                  "uuid": "5eebcc7a-e87f-4c7c-ae4c-4b394a990a76",
                  "parentUUID": "8b41ac0e-e4e9-407d-b94e-0a3969dd7468",
                  "isHook": false,
                  "skipped": false
                },
                {
                  "title": "should return status 200 with malformed input",
                  "fullTitle": "GET /products/search Validation and edge cases should return status 200 with malformed input",
                  "timedOut": null,
                  "duration": 183,
                  "state": "passed",
                  "speed": "fast",
                  "pass": true,
                  "fail": false,
                  "pending": false,
                  "context": null,
                  "code": "(0,_api_products__WEBPACK_IMPORTED_MODULE_0__.searchProduct)('%20').then((res) => {\n    expect(res.status).to.eq(200);\n    expect(res.body.products).to.be.an('array');\n});",
                  "err": {},
                  "uuid": "cbb8ac36-3975-42a0-91dd-3ce09a6ff0f6",
                  "parentUUID": "8b41ac0e-e4e9-407d-b94e-0a3969dd7468",
                  "isHook": false,
                  "skipped": false
                }
              ],
              "suites": [],
              "passes": [
                "5eebcc7a-e87f-4c7c-ae4c-4b394a990a76",
                "cbb8ac36-3975-42a0-91dd-3ce09a6ff0f6"
              ],
              "failures": [],
              "pending": [],
              "skipped": [],
              "duration": 341,
              "root": false,
              "rootEmpty": false,
              "_timeout": 2000
            }
          ],
          "passes": [],
          "failures": [],
          "pending": [],
          "skipped": [],
          "duration": 0,
          "root": false,
          "rootEmpty": false,
          "_timeout": 2000
        }
      ],
      "passes": [],
      "failures": [],
      "pending": [],
      "skipped": [],
      "duration": 0,
      "root": true,
      "rootEmpty": true,
      "_timeout": 2000
    }
  ],
  "meta": {
    "mocha": {
      "version": "7.2.0"
    },
    "mochawesome": {
      "options": {
        "quiet": false,
        "reportFilename": "mochawesome",
        "saveHtml": true,
        "saveJson": true,
        "consoleReporter": "spec",
        "useInlineDiffs": false,
        "code": true
      },
      "version": "7.1.3"
    },
    "marge": {
      "options": {
        "id": "default",
        "reportDir": "cypress/reports",
        "overwrite": false,
        "html": true,
        "json": true
      },
      "version": "6.2.0"
    }
  }
}