{
  "stats": {
    "suites": 3,
    "tests": 5,
    "passes": 5,
    "pending": 0,
    "failures": 0,
    "start": "2025-08-04T16:53:30.125Z",
    "end": "2025-08-04T16:53:31.252Z",
    "duration": 1127,
    "testsRegistered": 5,
    "passPercent": 100,
    "pendingPercent": 0,
    "other": 0,
    "hasOther": false,
    "skipped": 0,
    "hasSkipped": false
  },
  "results": [
    {
      "uuid": "146a7694-ecf9-45b2-9650-250acb678808",
      "title": "",
      "fullFile": "cypress\\e2e\\search.cy.ts",
      "file": "cypress\\e2e\\search.cy.ts",
      "beforeHooks": [],
      "afterHooks": [],
      "tests": [],
      "suites": [
        {
          "uuid": "b904e38e-5060-4369-9042-06aea59f56e9",
          "title": "GET /products/search",
          "fullFile": "",
          "file": "",
          "beforeHooks": [],
          "afterHooks": [],
          "tests": [],
          "suites": [
            {
              "uuid": "60cdd2f1-8e69-4834-90d3-0a68f655c295",
              "title": "Success cases",
              "fullFile": "",
              "file": "",
              "beforeHooks": [],
              "afterHooks": [],
              "tests": [
                {
                  "title": "should return products matching the search term",
                  "fullTitle": "GET /products/search Success cases should return products matching the search term",
                  "timedOut": null,
                  "duration": 197,
                  "state": "passed",
                  "speed": "fast",
                  "pass": true,
                  "fail": false,
                  "pending": false,
                  "context": null,
                  "code": "const searchTerm = 'phone';\n(0,_api_products__WEBPACK_IMPORTED_MODULE_0__.searchProduct)(searchTerm).then((res) => {\n    expect(res.status).to.eq(200);\n    expect(res.body.products).to.be.an('array');\n    expect(res.body.products.length).to.be.greaterThan(0);\n    res.body.products.forEach((product) => {\n        const fields = [\n            product.title,\n            product.description,\n            product.brand,\n            product.category,\n        ];\n        const match = [\n            product.title,\n            product.description,\n            product.brand,\n            product.category,\n        ]\n            .filter((f) => typeof f === 'string')\n            .some((f) => f.toLowerCase().includes(searchTerm));\n    });\n});",
                  "err": {},
                  "uuid": "540e5ca4-6c17-417a-9940-95986b82d593",
                  "parentUUID": "60cdd2f1-8e69-4834-90d3-0a68f655c295",
                  "isHook": false,
                  "skipped": false
                },
                {
                  "title": "should return results regardless of case",
                  "fullTitle": "GET /products/search Success cases should return results regardless of case",
                  "timedOut": null,
                  "duration": 324,
                  "state": "passed",
                  "speed": "fast",
                  "pass": true,
                  "fail": false,
                  "pending": false,
                  "context": null,
                  "code": "(0,_api_products__WEBPACK_IMPORTED_MODULE_0__.searchProduct)('PHONE').then((res1) => {\n    (0,_api_products__WEBPACK_IMPORTED_MODULE_0__.searchProduct)('phone').then((res2) => {\n        expect(res1.status).to.eq(200);\n        expect(res2.status).to.eq(200);\n        expect(res1.body.products.length).to.eq(res2.body.products.length);\n    });\n});",
                  "err": {},
                  "uuid": "e30d3103-cdda-4b12-b2a5-7648c3a083a6",
                  "parentUUID": "60cdd2f1-8e69-4834-90d3-0a68f655c295",
                  "isHook": false,
                  "skipped": false
                },
                {
                  "title": "should return all products if search term is empty",
                  "fullTitle": "GET /products/search Success cases should return all products if search term is empty",
                  "timedOut": null,
                  "duration": 191,
                  "state": "passed",
                  "speed": "fast",
                  "pass": true,
                  "fail": false,
                  "pending": false,
                  "context": null,
                  "code": "(0,_api_products__WEBPACK_IMPORTED_MODULE_0__.searchProduct)('').then((res) => {\n    expect(res.status).to.eq(200);\n    expect(res.body.products)\n        .to.be.an('array')\n        .and.have.length.greaterThan(0);\n});",
                  "err": {},
                  "uuid": "4de9762f-0a25-4b63-b906-6e36022a4f94",
                  "parentUUID": "60cdd2f1-8e69-4834-90d3-0a68f655c295",
                  "isHook": false,
                  "skipped": false
                }
              ],
              "suites": [],
              "passes": [
                "540e5ca4-6c17-417a-9940-95986b82d593",
                "e30d3103-cdda-4b12-b2a5-7648c3a083a6",
                "4de9762f-0a25-4b63-b906-6e36022a4f94"
              ],
              "failures": [],
              "pending": [],
              "skipped": [],
              "duration": 712,
              "root": false,
              "rootEmpty": false,
              "_timeout": 2000
            },
            {
              "uuid": "274bd129-2fd5-4a32-bd4f-24f76397c572",
              "title": "Validation and edge cases",
              "fullFile": "",
              "file": "",
              "beforeHooks": [],
              "afterHooks": [],
              "tests": [
                {
                  "title": "should return empty array when no match is found",
                  "fullTitle": "GET /products/search Validation and edge cases should return empty array when no match is found",
                  "timedOut": null,
                  "duration": 164,
                  "state": "passed",
                  "speed": "fast",
                  "pass": true,
                  "fail": false,
                  "pending": false,
                  "context": null,
                  "code": "(0,_api_products__WEBPACK_IMPORTED_MODULE_0__.searchProduct)('zzzzzzzzzzz').then((res) => {\n    expect(res.status).to.eq(200);\n    expect(res.body.products).to.be.an('array').and.have.length(0);\n});",
                  "err": {},
                  "uuid": "a5cb8185-26ec-4490-b2c3-a111fc496c28",
                  "parentUUID": "274bd129-2fd5-4a32-bd4f-24f76397c572",
                  "isHook": false,
                  "skipped": false
                },
                {
                  "title": "should return status 200 with malformed input",
                  "fullTitle": "GET /products/search Validation and edge cases should return status 200 with malformed input",
                  "timedOut": null,
                  "duration": 178,
                  "state": "passed",
                  "speed": "fast",
                  "pass": true,
                  "fail": false,
                  "pending": false,
                  "context": null,
                  "code": "(0,_api_products__WEBPACK_IMPORTED_MODULE_0__.searchProduct)('%20').then((res) => {\n    expect(res.status).to.eq(200);\n    expect(res.body.products).to.be.an('array');\n});",
                  "err": {},
                  "uuid": "2a6bf550-463c-428c-b4a3-183e717b6503",
                  "parentUUID": "274bd129-2fd5-4a32-bd4f-24f76397c572",
                  "isHook": false,
                  "skipped": false
                }
              ],
              "suites": [],
              "passes": [
                "a5cb8185-26ec-4490-b2c3-a111fc496c28",
                "2a6bf550-463c-428c-b4a3-183e717b6503"
              ],
              "failures": [],
              "pending": [],
              "skipped": [],
              "duration": 342,
              "root": false,
              "rootEmpty": false,
              "_timeout": 2000
            }
          ],
          "passes": [],
          "failures": [],
          "pending": [],
          "skipped": [],
          "duration": 0,
          "root": false,
          "rootEmpty": false,
          "_timeout": 2000
        }
      ],
      "passes": [],
      "failures": [],
      "pending": [],
      "skipped": [],
      "duration": 0,
      "root": true,
      "rootEmpty": true,
      "_timeout": 2000
    }
  ],
  "meta": {
    "mocha": {
      "version": "7.2.0"
    },
    "mochawesome": {
      "options": {
        "quiet": false,
        "reportFilename": "mochawesome",
        "saveHtml": true,
        "saveJson": true,
        "consoleReporter": "spec",
        "useInlineDiffs": false,
        "code": true
      },
      "version": "7.1.3"
    },
    "marge": {
      "options": {
        "id": "default",
        "reportDir": "cypress/reports",
        "overwrite": false,
        "html": true,
        "json": true
      },
      "version": "6.2.0"
    }
  }
}