{
  "stats": {
    "suites": 2,
    "tests": 5,
    "passes": 5,
    "pending": 0,
    "failures": 0,
    "start": "2025-08-04T16:55:51.492Z",
    "end": "2025-08-04T16:55:52.379Z",
    "duration": 887,
    "testsRegistered": 5,
    "passPercent": 100,
    "pendingPercent": 0,
    "other": 0,
    "hasOther": false,
    "skipped": 0,
    "hasSkipped": false
  },
  "results": [
    {
      "uuid": "80afe289-0d1b-4c24-b9da-c6c6d3714f75",
      "title": "",
      "fullFile": "cypress\\e2e\\productsById.cy.ts",
      "file": "cypress\\e2e\\productsById.cy.ts",
      "beforeHooks": [],
      "afterHooks": [],
      "tests": [],
      "suites": [
        {
          "uuid": "67c54a64-f36c-47b8-96d2-faf704819e68",
          "title": "GET /products",
          "fullFile": "",
          "file": "",
          "beforeHooks": [],
          "afterHooks": [],
          "tests": [],
          "suites": [
            {
              "uuid": "9635354d-cf19-4fa2-8ebf-0977db00d257",
              "title": "Get products by ID",
              "fullFile": "",
              "file": "",
              "beforeHooks": [],
              "afterHooks": [],
              "tests": [
                {
                  "title": "should return a product when used a valid ID",
                  "fullTitle": "GET /products Get products by ID should return a product when used a valid ID",
                  "timedOut": null,
                  "duration": 174,
                  "state": "passed",
                  "speed": "fast",
                  "pass": true,
                  "fail": false,
                  "pending": false,
                  "context": null,
                  "code": "(0,_api_products__WEBPACK_IMPORTED_MODULE_0__.getProductById)(1).then((res) => {\n    expect(res.status).to.eq(200);\n    expect(res.headers['content-type']).to.include('application/json');\n    const product = res.body;\n    expect(product).to.have.property('id', 1);\n    expect(product).to.have.property('title');\n    expect(product).to.have.property('price');\n    expect(product).to.have.property('category');\n});",
                  "err": {},
                  "uuid": "509e2900-9d19-4568-a67a-3981e0e3b03c",
                  "parentUUID": "9635354d-cf19-4fa2-8ebf-0977db00d257",
                  "isHook": false,
                  "skipped": false
                },
                {
                  "title": "should return 404 for non-existent ID",
                  "fullTitle": "GET /products Get products by ID should return 404 for non-existent ID",
                  "timedOut": null,
                  "duration": 157,
                  "state": "passed",
                  "speed": "fast",
                  "pass": true,
                  "fail": false,
                  "pending": false,
                  "context": null,
                  "code": "(0,_api_products__WEBPACK_IMPORTED_MODULE_0__.getProductById)(99999, { failOnStatusCode: false }).then((res) => {\n    expect(res.status).to.eq(404);\n    expect(res.body).to.have.property('message');\n});",
                  "err": {},
                  "uuid": "dcc7f40b-95e8-4062-a76f-bfe3cd61e001",
                  "parentUUID": "9635354d-cf19-4fa2-8ebf-0977db00d257",
                  "isHook": false,
                  "skipped": false
                },
                {
                  "title": "should return 404 for non-existent ID",
                  "fullTitle": "GET /products Get products by ID should return 404 for non-existent ID",
                  "timedOut": null,
                  "duration": 157,
                  "state": "passed",
                  "speed": "fast",
                  "pass": true,
                  "fail": false,
                  "pending": false,
                  "context": null,
                  "code": "(0,_api_products__WEBPACK_IMPORTED_MODULE_0__.getProductById)(0, { failOnStatusCode: false }).then((res) => {\n    expect(res.status).to.eq(404);\n    expect(res.body).to.have.property('message');\n});",
                  "err": {},
                  "uuid": "34ed8d96-42dd-4444-95e4-22a6c93943ed",
                  "parentUUID": "9635354d-cf19-4fa2-8ebf-0977db00d257",
                  "isHook": false,
                  "skipped": false
                },
                {
                  "title": "should return 404 for non-existent ID",
                  "fullTitle": "GET /products Get products by ID should return 404 for non-existent ID",
                  "timedOut": null,
                  "duration": 164,
                  "state": "passed",
                  "speed": "fast",
                  "pass": true,
                  "fail": false,
                  "pending": false,
                  "context": null,
                  "code": "(0,_api_products__WEBPACK_IMPORTED_MODULE_0__.getProductById)(-1, { failOnStatusCode: false }).then((res) => {\n    expect(res.status).to.eq(404);\n    expect(res.body).to.have.property('message');\n});",
                  "err": {},
                  "uuid": "c4bcd9e6-5d7a-4167-b830-fbf4c3e44991",
                  "parentUUID": "9635354d-cf19-4fa2-8ebf-0977db00d257",
                  "isHook": false,
                  "skipped": false
                },
                {
                  "title": "should return error for invalid ID (string)",
                  "fullTitle": "GET /products Get products by ID should return error for invalid ID (string)",
                  "timedOut": null,
                  "duration": 162,
                  "state": "passed",
                  "speed": "fast",
                  "pass": true,
                  "fail": false,
                  "pending": false,
                  "context": null,
                  "code": "(0,_api_products__WEBPACK_IMPORTED_MODULE_0__.getProductById)('abc', { failOnStatusCode: false }).then((res) => {\n    expect(res.status).to.be.oneOf([400, 404]);\n    expect(res.body).to.have.property('message');\n});",
                  "err": {},
                  "uuid": "e0a59e65-b977-4468-b5b0-47b72c6bc2c7",
                  "parentUUID": "9635354d-cf19-4fa2-8ebf-0977db00d257",
                  "isHook": false,
                  "skipped": false
                }
              ],
              "suites": [],
              "passes": [
                "509e2900-9d19-4568-a67a-3981e0e3b03c",
                "dcc7f40b-95e8-4062-a76f-bfe3cd61e001",
                "34ed8d96-42dd-4444-95e4-22a6c93943ed",
                "c4bcd9e6-5d7a-4167-b830-fbf4c3e44991",
                "e0a59e65-b977-4468-b5b0-47b72c6bc2c7"
              ],
              "failures": [],
              "pending": [],
              "skipped": [],
              "duration": 814,
              "root": false,
              "rootEmpty": false,
              "_timeout": 2000
            }
          ],
          "passes": [],
          "failures": [],
          "pending": [],
          "skipped": [],
          "duration": 0,
          "root": false,
          "rootEmpty": false,
          "_timeout": 2000
        }
      ],
      "passes": [],
      "failures": [],
      "pending": [],
      "skipped": [],
      "duration": 0,
      "root": true,
      "rootEmpty": true,
      "_timeout": 2000
    }
  ],
  "meta": {
    "mocha": {
      "version": "7.2.0"
    },
    "mochawesome": {
      "options": {
        "quiet": false,
        "reportFilename": "mochawesome",
        "saveHtml": true,
        "saveJson": true,
        "consoleReporter": "spec",
        "useInlineDiffs": false,
        "code": true
      },
      "version": "7.1.3"
    },
    "marge": {
      "options": {
        "id": "default",
        "reportDir": "cypress/reports",
        "overwrite": false,
        "html": true,
        "json": true
      },
      "version": "6.2.0"
    }
  }
}