{
  "stats": {
    "suites": 2,
    "tests": 5,
    "passes": 5,
    "pending": 0,
    "failures": 0,
    "start": "2025-08-04T16:53:28.113Z",
    "end": "2025-08-04T16:53:29.001Z",
    "duration": 888,
    "testsRegistered": 5,
    "passPercent": 100,
    "pendingPercent": 0,
    "other": 0,
    "hasOther": false,
    "skipped": 0,
    "hasSkipped": false
  },
  "results": [
    {
      "uuid": "a9a0e73c-b3c2-46ac-bfc9-144c2aaaf48a",
      "title": "",
      "fullFile": "cypress\\e2e\\productsById.cy.ts",
      "file": "cypress\\e2e\\productsById.cy.ts",
      "beforeHooks": [],
      "afterHooks": [],
      "tests": [],
      "suites": [
        {
          "uuid": "5b9b17b4-9382-4f07-8d36-d0d8ea2096f7",
          "title": "GET /products",
          "fullFile": "",
          "file": "",
          "beforeHooks": [],
          "afterHooks": [],
          "tests": [],
          "suites": [
            {
              "uuid": "f9996d9a-b057-4da5-b934-ee2a0003e8a4",
              "title": "Get products by ID",
              "fullFile": "",
              "file": "",
              "beforeHooks": [],
              "afterHooks": [],
              "tests": [
                {
                  "title": "should return a product when used a valid ID",
                  "fullTitle": "GET /products Get products by ID should return a product when used a valid ID",
                  "timedOut": null,
                  "duration": 178,
                  "state": "passed",
                  "speed": "fast",
                  "pass": true,
                  "fail": false,
                  "pending": false,
                  "context": null,
                  "code": "(0,_api_products__WEBPACK_IMPORTED_MODULE_0__.getProductById)(1).then((res) => {\n    expect(res.status).to.eq(200);\n    expect(res.headers['content-type']).to.include('application/json');\n    const product = res.body;\n    expect(product).to.have.property('id', 1);\n    expect(product).to.have.property('title');\n    expect(product).to.have.property('price');\n    expect(product).to.have.property('category');\n});",
                  "err": {},
                  "uuid": "1f69bdb8-900a-4eb5-a8aa-c2b908f5ff8d",
                  "parentUUID": "f9996d9a-b057-4da5-b934-ee2a0003e8a4",
                  "isHook": false,
                  "skipped": false
                },
                {
                  "title": "should return 404 for non-existent ID",
                  "fullTitle": "GET /products Get products by ID should return 404 for non-existent ID",
                  "timedOut": null,
                  "duration": 163,
                  "state": "passed",
                  "speed": "fast",
                  "pass": true,
                  "fail": false,
                  "pending": false,
                  "context": null,
                  "code": "(0,_api_products__WEBPACK_IMPORTED_MODULE_0__.getProductById)(99999, { failOnStatusCode: false }).then((res) => {\n    expect(res.status).to.eq(404);\n    expect(res.body).to.have.property('message');\n});",
                  "err": {},
                  "uuid": "e0e514a3-2e8e-42e2-86e5-9a51277d9475",
                  "parentUUID": "f9996d9a-b057-4da5-b934-ee2a0003e8a4",
                  "isHook": false,
                  "skipped": false
                },
                {
                  "title": "should return 404 for non-existent ID",
                  "fullTitle": "GET /products Get products by ID should return 404 for non-existent ID",
                  "timedOut": null,
                  "duration": 168,
                  "state": "passed",
                  "speed": "fast",
                  "pass": true,
                  "fail": false,
                  "pending": false,
                  "context": null,
                  "code": "(0,_api_products__WEBPACK_IMPORTED_MODULE_0__.getProductById)(0, { failOnStatusCode: false }).then((res) => {\n    expect(res.status).to.eq(404);\n    expect(res.body).to.have.property('message');\n});",
                  "err": {},
                  "uuid": "e77a1b71-f864-4a51-8871-5de90dff9787",
                  "parentUUID": "f9996d9a-b057-4da5-b934-ee2a0003e8a4",
                  "isHook": false,
                  "skipped": false
                },
                {
                  "title": "should return 404 for non-existent ID",
                  "fullTitle": "GET /products Get products by ID should return 404 for non-existent ID",
                  "timedOut": null,
                  "duration": 158,
                  "state": "passed",
                  "speed": "fast",
                  "pass": true,
                  "fail": false,
                  "pending": false,
                  "context": null,
                  "code": "(0,_api_products__WEBPACK_IMPORTED_MODULE_0__.getProductById)(-1, { failOnStatusCode: false }).then((res) => {\n    expect(res.status).to.eq(404);\n    expect(res.body).to.have.property('message');\n});",
                  "err": {},
                  "uuid": "a3ba85a0-f608-4810-a6b1-5331c4ceb2bb",
                  "parentUUID": "f9996d9a-b057-4da5-b934-ee2a0003e8a4",
                  "isHook": false,
                  "skipped": false
                },
                {
                  "title": "should return error for invalid ID (string)",
                  "fullTitle": "GET /products Get products by ID should return error for invalid ID (string)",
                  "timedOut": null,
                  "duration": 163,
                  "state": "passed",
                  "speed": "fast",
                  "pass": true,
                  "fail": false,
                  "pending": false,
                  "context": null,
                  "code": "(0,_api_products__WEBPACK_IMPORTED_MODULE_0__.getProductById)('abc', { failOnStatusCode: false }).then((res) => {\n    expect(res.status).to.be.oneOf([400, 404]);\n    expect(res.body).to.have.property('message');\n});",
                  "err": {},
                  "uuid": "52f2df6f-9777-43cf-89ca-3f97aafc9f5b",
                  "parentUUID": "f9996d9a-b057-4da5-b934-ee2a0003e8a4",
                  "isHook": false,
                  "skipped": false
                }
              ],
              "suites": [],
              "passes": [
                "1f69bdb8-900a-4eb5-a8aa-c2b908f5ff8d",
                "e0e514a3-2e8e-42e2-86e5-9a51277d9475",
                "e77a1b71-f864-4a51-8871-5de90dff9787",
                "a3ba85a0-f608-4810-a6b1-5331c4ceb2bb",
                "52f2df6f-9777-43cf-89ca-3f97aafc9f5b"
              ],
              "failures": [],
              "pending": [],
              "skipped": [],
              "duration": 830,
              "root": false,
              "rootEmpty": false,
              "_timeout": 2000
            }
          ],
          "passes": [],
          "failures": [],
          "pending": [],
          "skipped": [],
          "duration": 0,
          "root": false,
          "rootEmpty": false,
          "_timeout": 2000
        }
      ],
      "passes": [],
      "failures": [],
      "pending": [],
      "skipped": [],
      "duration": 0,
      "root": true,
      "rootEmpty": true,
      "_timeout": 2000
    }
  ],
  "meta": {
    "mocha": {
      "version": "7.2.0"
    },
    "mochawesome": {
      "options": {
        "quiet": false,
        "reportFilename": "mochawesome",
        "saveHtml": true,
        "saveJson": true,
        "consoleReporter": "spec",
        "useInlineDiffs": false,
        "code": true
      },
      "version": "7.1.3"
    },
    "marge": {
      "options": {
        "id": "default",
        "reportDir": "cypress/reports",
        "overwrite": false,
        "html": true,
        "json": true
      },
      "version": "6.2.0"
    }
  }
}