{
  "stats": {
    "suites": 4,
    "tests": 9,
    "passes": 9,
    "pending": 0,
    "failures": 0,
    "start": "2025-08-04T16:55:45.128Z",
    "end": "2025-08-04T16:55:46.677Z",
    "duration": 1549,
    "testsRegistered": 9,
    "passPercent": 100,
    "pendingPercent": 0,
    "other": 0,
    "hasOther": false,
    "skipped": 0,
    "hasSkipped": false
  },
  "results": [
    {
      "uuid": "7be2ccc2-7b58-4f3f-8601-0ad01a1f24f1",
      "title": "",
      "fullFile": "cypress\\e2e\\crud.cy.ts",
      "file": "cypress\\e2e\\crud.cy.ts",
      "beforeHooks": [],
      "afterHooks": [],
      "tests": [],
      "suites": [
        {
          "uuid": "1c6148ed-d772-489a-8021-de6aaedceb5f",
          "title": "PRODUCTS - CRUD operations",
          "fullFile": "",
          "file": "",
          "beforeHooks": [],
          "afterHooks": [],
          "tests": [],
          "suites": [
            {
              "uuid": "c922b780-b8aa-43be-8417-4161d06bfe16",
              "title": "Create product (POST /products/add)",
              "fullFile": "",
              "file": "",
              "beforeHooks": [],
              "afterHooks": [],
              "tests": [
                {
                  "title": "should create a product with valid data",
                  "fullTitle": "PRODUCTS - CRUD operations Create product (POST /products/add) should create a product with valid data",
                  "timedOut": null,
                  "duration": 188,
                  "state": "passed",
                  "speed": "fast",
                  "pass": true,
                  "fail": false,
                  "pending": false,
                  "context": null,
                  "code": "const newProduct = {\n    title: 'Test Product',\n    price: 99.99,\n    category: 'smartphones',\n};\n(0,_api_products__WEBPACK_IMPORTED_MODULE_0__.createProduct)(newProduct).then((res) => {\n    expect(res.status).to.eq(201);\n    expect(res.body).to.include(newProduct);\n    createdProductId = res.body.id;\n});",
                  "err": {},
                  "uuid": "0a275d2f-57b4-4798-b364-745ed75cb3c7",
                  "parentUUID": "c922b780-b8aa-43be-8417-4161d06bfe16",
                  "isHook": false,
                  "skipped": false
                },
                {
                  "title": "should create the product with invalid price",
                  "fullTitle": "PRODUCTS - CRUD operations Create product (POST /products/add) should create the product with invalid price",
                  "timedOut": null,
                  "duration": 159,
                  "state": "passed",
                  "speed": "fast",
                  "pass": true,
                  "fail": false,
                  "pending": false,
                  "context": null,
                  "code": "//the API allows to create products with prices as String like \"abc\"\nconst invalidProduct = {\n    title: 'Invalid Price',\n    price: 'abc',\n    category: 'smartphones',\n};\n(0,_api_products__WEBPACK_IMPORTED_MODULE_0__.createProduct)(invalidProduct, { failOnStatusCode: false }).then((res) => {\n    expect(res.status).to.eq(201);\n});",
                  "err": {},
                  "uuid": "73fa2771-78cc-472a-adff-9387b49fad3e",
                  "parentUUID": "c922b780-b8aa-43be-8417-4161d06bfe16",
                  "isHook": false,
                  "skipped": false
                }
              ],
              "suites": [],
              "passes": [
                "0a275d2f-57b4-4798-b364-745ed75cb3c7",
                "73fa2771-78cc-472a-adff-9387b49fad3e"
              ],
              "failures": [],
              "pending": [],
              "skipped": [],
              "duration": 347,
              "root": false,
              "rootEmpty": false,
              "_timeout": 2000
            },
            {
              "uuid": "3cf6bdd1-e901-4f70-8920-66d8761f3fce",
              "title": "Update product (PUT /products/:id)",
              "fullFile": "",
              "file": "",
              "beforeHooks": [],
              "afterHooks": [],
              "tests": [
                {
                  "title": "should update a product successfully",
                  "fullTitle": "PRODUCTS - CRUD operations Update product (PUT /products/:id) should update a product successfully",
                  "timedOut": null,
                  "duration": 161,
                  "state": "passed",
                  "speed": "fast",
                  "pass": true,
                  "fail": false,
                  "pending": false,
                  "context": null,
                  "code": "const updatedData = { title: 'Updated Title Test' };\n(0,_api_products__WEBPACK_IMPORTED_MODULE_0__.updateProduct)(existingProductId, updatedData).then((res) => {\n    expect(res.status).to.eq(200);\n    expect(res.body.title).to.eq(updatedData.title);\n});",
                  "err": {},
                  "uuid": "15853d03-3877-4abd-a0a1-768a798561c4",
                  "parentUUID": "3cf6bdd1-e901-4f70-8920-66d8761f3fce",
                  "isHook": false,
                  "skipped": false
                },
                {
                  "title": "should return the same data if nothing changes",
                  "fullTitle": "PRODUCTS - CRUD operations Update product (PUT /products/:id) should return the same data if nothing changes",
                  "timedOut": null,
                  "duration": 164,
                  "state": "passed",
                  "speed": "fast",
                  "pass": true,
                  "fail": false,
                  "pending": false,
                  "context": null,
                  "code": "const sameData = { title: 'Updated Title Test' };\n(0,_api_products__WEBPACK_IMPORTED_MODULE_0__.updateProduct)(existingProductId, sameData).then((res) => {\n    expect(res.status).to.eq(200);\n    expect(res.body.title).to.eq(sameData.title);\n});",
                  "err": {},
                  "uuid": "53ceb11a-b392-48c2-92ed-e40544439267",
                  "parentUUID": "3cf6bdd1-e901-4f70-8920-66d8761f3fce",
                  "isHook": false,
                  "skipped": false
                },
                {
                  "title": "should return error when updating non-existent product",
                  "fullTitle": "PRODUCTS - CRUD operations Update product (PUT /products/:id) should return error when updating non-existent product",
                  "timedOut": null,
                  "duration": 152,
                  "state": "passed",
                  "speed": "fast",
                  "pass": true,
                  "fail": false,
                  "pending": false,
                  "context": null,
                  "code": "(0,_api_products__WEBPACK_IMPORTED_MODULE_0__.updateProduct)(99999, { title: 'Does Not Exist' }, { failOnStatusCode: false }).then((res) => {\n    expect(res.status).to.eq(404);\n});",
                  "err": {},
                  "uuid": "611c8783-3dac-458a-832f-f95780b9a3a9",
                  "parentUUID": "3cf6bdd1-e901-4f70-8920-66d8761f3fce",
                  "isHook": false,
                  "skipped": false
                },
                {
                  "title": "should accept invalid price due to missing validation in the API",
                  "fullTitle": "PRODUCTS - CRUD operations Update product (PUT /products/:id) should accept invalid price due to missing validation in the API",
                  "timedOut": null,
                  "duration": 158,
                  "state": "passed",
                  "speed": "fast",
                  "pass": true,
                  "fail": false,
                  "pending": false,
                  "context": null,
                  "code": "(0,_api_products__WEBPACK_IMPORTED_MODULE_0__.updateProduct)(existingProductId, { price: 'invalid' }, { failOnStatusCode: false }).then((res) => {\n    expect(res.status).to.eq(200); // It wrongly accepts\n    expect(typeof res.body.price).to.eq('string'); // Should not be string\n});",
                  "err": {},
                  "uuid": "f6f17fa8-9cb0-4e6a-8067-cd2375aa9f4b",
                  "parentUUID": "3cf6bdd1-e901-4f70-8920-66d8761f3fce",
                  "isHook": false,
                  "skipped": false
                },
                {
                  "title": "should support PATCH as well",
                  "fullTitle": "PRODUCTS - CRUD operations Update product (PUT /products/:id) should support PATCH as well",
                  "timedOut": null,
                  "duration": 156,
                  "state": "passed",
                  "speed": "fast",
                  "pass": true,
                  "fail": false,
                  "pending": false,
                  "context": null,
                  "code": "cy.request({\n    method: 'PATCH',\n    url: `/products/${existingProductId}`,\n    body: { price: 222.22 },\n}).then((res) => {\n    expect(res.status).to.eq(200);\n    expect(res.body.price).to.eq(222.22);\n});",
                  "err": {},
                  "uuid": "aa620b4e-b690-4364-968b-c6e039791426",
                  "parentUUID": "3cf6bdd1-e901-4f70-8920-66d8761f3fce",
                  "isHook": false,
                  "skipped": false
                }
              ],
              "suites": [],
              "passes": [
                "15853d03-3877-4abd-a0a1-768a798561c4",
                "53ceb11a-b392-48c2-92ed-e40544439267",
                "611c8783-3dac-458a-832f-f95780b9a3a9",
                "f6f17fa8-9cb0-4e6a-8067-cd2375aa9f4b",
                "aa620b4e-b690-4364-968b-c6e039791426"
              ],
              "failures": [],
              "pending": [],
              "skipped": [],
              "duration": 791,
              "root": false,
              "rootEmpty": false,
              "_timeout": 2000
            },
            {
              "uuid": "a2785b47-8199-4e76-b691-2523e32509e0",
              "title": "Delete product (DELETE /products/:id)",
              "fullFile": "",
              "file": "",
              "beforeHooks": [],
              "afterHooks": [],
              "tests": [
                {
                  "title": "should delete the created product",
                  "fullTitle": "PRODUCTS - CRUD operations Delete product (DELETE /products/:id) should delete the created product",
                  "timedOut": null,
                  "duration": 155,
                  "state": "passed",
                  "speed": "fast",
                  "pass": true,
                  "fail": false,
                  "pending": false,
                  "context": null,
                  "code": "(0,_api_products__WEBPACK_IMPORTED_MODULE_0__.deleteProduct)(1).then((res) => {\n    expect(res.status).to.eq(200);\n    expect(res.body).to.have.property('isDeleted', true);\n});",
                  "err": {},
                  "uuid": "0879e6f8-0200-4dd9-8dc9-d04c5f616592",
                  "parentUUID": "a2785b47-8199-4e76-b691-2523e32509e0",
                  "isHook": false,
                  "skipped": false
                },
                {
                  "title": "should return 404 when trying to delete non-existent product",
                  "fullTitle": "PRODUCTS - CRUD operations Delete product (DELETE /products/:id) should return 404 when trying to delete non-existent product",
                  "timedOut": null,
                  "duration": 157,
                  "state": "passed",
                  "speed": "fast",
                  "pass": true,
                  "fail": false,
                  "pending": false,
                  "context": null,
                  "code": "(0,_api_products__WEBPACK_IMPORTED_MODULE_0__.deleteProduct)(99999, { failOnStatusCode: false }).then((res) => {\n    expect(res.status).to.eq(404);\n});",
                  "err": {},
                  "uuid": "2147fe0c-d059-4e7d-99d4-d1a887ec0e1f",
                  "parentUUID": "a2785b47-8199-4e76-b691-2523e32509e0",
                  "isHook": false,
                  "skipped": false
                }
              ],
              "suites": [],
              "passes": [
                "0879e6f8-0200-4dd9-8dc9-d04c5f616592",
                "2147fe0c-d059-4e7d-99d4-d1a887ec0e1f"
              ],
              "failures": [],
              "pending": [],
              "skipped": [],
              "duration": 312,
              "root": false,
              "rootEmpty": false,
              "_timeout": 2000
            }
          ],
          "passes": [],
          "failures": [],
          "pending": [],
          "skipped": [],
          "duration": 0,
          "root": false,
          "rootEmpty": false,
          "_timeout": 2000
        }
      ],
      "passes": [],
      "failures": [],
      "pending": [],
      "skipped": [],
      "duration": 0,
      "root": true,
      "rootEmpty": true,
      "_timeout": 2000
    }
  ],
  "meta": {
    "mocha": {
      "version": "7.2.0"
    },
    "mochawesome": {
      "options": {
        "quiet": false,
        "reportFilename": "mochawesome",
        "saveHtml": true,
        "saveJson": true,
        "consoleReporter": "spec",
        "useInlineDiffs": false,
        "code": true
      },
      "version": "7.1.3"
    },
    "marge": {
      "options": {
        "id": "default",
        "reportDir": "cypress/reports",
        "overwrite": false,
        "html": true,
        "json": true
      },
      "version": "6.2.0"
    }
  }
}